<?xml version="1.0" encoding="UTF-8"?>
<!-- Generated by org.testng.reporters.JUnitXMLReporter -->
<testsuite ignored="0" hostname="P7520" failures="0" tests="4" name="Test" time="95.567" errors="0" timestamp="2023-02-16T14:11:03 IST">
  <testcase classname="Test.LoginPageTest" name="verifyInvalidLogin" time="2.839"/>
  <testcase classname="Test.LoginPageTest" name="verifyInvalidLogin" time="0.87"/>
  <testcase classname="Test.LoginPageTest" name="verifyInvalidLogin" time="0.77"/>
  <testcase classname="Test.LoginPageTest" name="verifyLogin" time="2.091"/>
</testsuite> <!-- Test -->
