<?xml version="1.0" encoding="UTF-8"?>
<!-- Generated by org.testng.reporters.JUnitXMLReporter -->
<testsuite ignored="0" hostname="P7520" failures="0" tests="4" name="Test" time="113.622" errors="0" timestamp="2023-02-16T14:21:12 IST">
  <testcase classname="Test.LoginPageTest" name="verifyInvalidLogin" time="5.5"/>
  <testcase classname="Test.LoginPageTest" name="verifyInvalidLogin" time="1.878"/>
  <testcase classname="Test.LoginPageTest" name="verifyInvalidLogin" time="1.323"/>
  <testcase classname="Test.LoginPageTest" name="verifyLogin" time="4.875"/>
</testsuite> <!-- Test -->
