<?xml version="1.0" encoding="UTF-8"?>
<testng-results ignored="0" total="4" passed="4" failed="0" skipped="0">
  <reporter-output>
  </reporter-output>
  <suite started-at="2023-02-16T14:09:27 IST" name="Suite" finished-at="2023-02-16T14:11:03 IST" duration-ms="95567">
    <groups>
    </groups>
    <test started-at="2023-02-16T14:09:27 IST" name="Test" finished-at="2023-02-16T14:11:03 IST" duration-ms="95567">
      <class name="Test.LoginPageTest">
        <test-method is-config="true" signature="setUp()[pri:0, instance:Test.LoginPageTest@50378a4]" started-at="2023-02-16T14:09:27 IST" name="setUp" finished-at="2023-02-16T14:10:27 IST" duration-ms="59504" status="PASS">
          <reporter-output>
          </reporter-output>
        </test-method> <!-- setUp -->
        <test-method signature="verifyInvalidLogin(java.lang.String,java.lang.String)[pri:0, instance:Test.LoginPageTest@50378a4]" started-at="2023-02-16T14:10:27 IST" name="verifyInvalidLogin" data-provider="getCredentials" finished-at="2023-02-16T14:10:30 IST" duration-ms="2839" status="PASS">
          <params>
            <param index="0">
              <value>
                <![CDATA[abc]]>
              </value>
            </param>
            <param index="1">
              <value>
                <![CDATA[abc]]>
              </value>
            </param>
          </params>
          <reporter-output>
          </reporter-output>
        </test-method> <!-- verifyInvalidLogin -->
        <test-method is-config="true" signature="tearDwon()[pri:0, instance:Test.LoginPageTest@50378a4]" started-at="2023-02-16T14:10:30 IST" name="tearDwon" finished-at="2023-02-16T14:10:30 IST" duration-ms="202" status="PASS">
          <reporter-output>
          </reporter-output>
        </test-method> <!-- tearDwon -->
        <test-method is-config="true" signature="setUp()[pri:0, instance:Test.LoginPageTest@50378a4]" started-at="2023-02-16T14:10:30 IST" name="setUp" finished-at="2023-02-16T14:10:42 IST" duration-ms="12121" status="PASS">
          <reporter-output>
          </reporter-output>
        </test-method> <!-- setUp -->
        <test-method signature="verifyInvalidLogin(java.lang.String,java.lang.String)[pri:0, instance:Test.LoginPageTest@50378a4]" started-at="2023-02-16T14:10:42 IST" name="verifyInvalidLogin" data-provider="getCredentials" finished-at="2023-02-16T14:10:43 IST" duration-ms="870" status="PASS">
          <params>
            <param index="0">
              <value>
                <![CDATA[abc]]>
              </value>
            </param>
            <param index="1">
              <value>
                <![CDATA[   ]]>
              </value>
            </param>
          </params>
          <reporter-output>
          </reporter-output>
        </test-method> <!-- verifyInvalidLogin -->
        <test-method is-config="true" signature="tearDwon()[pri:0, instance:Test.LoginPageTest@50378a4]" started-at="2023-02-16T14:10:43 IST" name="tearDwon" finished-at="2023-02-16T14:10:43 IST" duration-ms="119" status="PASS">
          <reporter-output>
          </reporter-output>
        </test-method> <!-- tearDwon -->
        <test-method is-config="true" signature="setUp()[pri:0, instance:Test.LoginPageTest@50378a4]" started-at="2023-02-16T14:10:43 IST" name="setUp" finished-at="2023-02-16T14:10:52 IST" duration-ms="9133" status="PASS">
          <reporter-output>
          </reporter-output>
        </test-method> <!-- setUp -->
        <test-method signature="verifyInvalidLogin(java.lang.String,java.lang.String)[pri:0, instance:Test.LoginPageTest@50378a4]" started-at="2023-02-16T14:10:52 IST" name="verifyInvalidLogin" data-provider="getCredentials" finished-at="2023-02-16T14:10:53 IST" duration-ms="770" status="PASS">
          <params>
            <param index="0">
              <value>
                <![CDATA[   ]]>
              </value>
            </param>
            <param index="1">
              <value>
                <![CDATA[abc]]>
              </value>
            </param>
          </params>
          <reporter-output>
          </reporter-output>
        </test-method> <!-- verifyInvalidLogin -->
        <test-method is-config="true" signature="tearDwon()[pri:0, instance:Test.LoginPageTest@50378a4]" started-at="2023-02-16T14:10:53 IST" name="tearDwon" finished-at="2023-02-16T14:10:53 IST" duration-ms="129" status="PASS">
          <reporter-output>
          </reporter-output>
        </test-method> <!-- tearDwon -->
        <test-method is-config="true" signature="setUp()[pri:0, instance:Test.LoginPageTest@50378a4]" started-at="2023-02-16T14:10:53 IST" name="setUp" finished-at="2023-02-16T14:11:01 IST" duration-ms="7607" status="PASS">
          <reporter-output>
          </reporter-output>
        </test-method> <!-- setUp -->
        <test-method signature="verifyLogin()[pri:0, instance:Test.LoginPageTest@50378a4]" started-at="2023-02-16T14:11:01 IST" name="verifyLogin" finished-at="2023-02-16T14:11:03 IST" duration-ms="2091" status="PASS">
          <reporter-output>
          </reporter-output>
        </test-method> <!-- verifyLogin -->
        <test-method is-config="true" signature="tearDwon()[pri:0, instance:Test.LoginPageTest@50378a4]" started-at="2023-02-16T14:11:03 IST" name="tearDwon" finished-at="2023-02-16T14:11:03 IST" duration-ms="122" status="PASS">
          <reporter-output>
          </reporter-output>
        </test-method> <!-- tearDwon -->
      </class> <!-- Test.LoginPageTest -->
    </test> <!-- Test -->
  </suite> <!-- Suite -->
</testng-results>
